Analysis & Synthesis report for RelogioDigital
Thu Oct 24 04:49:18 2019
Quartus Prime Version 18.1.0 Build 625 09/12/2018 SJ Lite Edition


---------------------
; Table of Contents ;
---------------------
  1. Legal Notice
  2. Analysis & Synthesis Summary
  3. Analysis & Synthesis Settings
  4. Parallel Compilation
  5. Analysis & Synthesis Source Files Read
  6. Analysis & Synthesis Resource Usage Summary
  7. Analysis & Synthesis Resource Utilization by Entity
  8. General Register Statistics
  9. Multiplexer Restructuring Statistics (Restructuring Performed)
 10. Port Connectivity Checks: "demux_4x8:dm2_4"
 11. Port Connectivity Checks: "demux_4x8:dm2_3"
 12. Port Connectivity Checks: "demux_4x8:dm2_2"
 13. Port Connectivity Checks: "demux_4x8:dm2_1"
 14. Post-Synthesis Netlist Statistics for Top Partition
 15. Elapsed Time Per Partition
 16. Analysis & Synthesis Messages



----------------
; Legal Notice ;
----------------
Copyright (C) 2018  Intel Corporation. All rights reserved.
Your use of Intel Corporation's design tools, logic functions 
and other software and tools, and its AMPP partner logic 
functions, and any output files from any of the foregoing 
(including device programming or simulation files), and any 
associated documentation or information are expressly subject 
to the terms and conditions of the Intel Program License 
Subscription Agreement, the Intel Quartus Prime License Agreement,
the Intel FPGA IP License Agreement, or other applicable license
agreement, including, without limitation, that your use is for
the sole purpose of programming logic devices manufactured by
Intel and sold by Intel or its authorized distributors.  Please
refer to the applicable agreement for further details.



+-------------------------------------------------------------------------------+
; Analysis & Synthesis Summary                                                  ;
+---------------------------------+---------------------------------------------+
; Analysis & Synthesis Status     ; Successful - Thu Oct 24 04:49:18 2019       ;
; Quartus Prime Version           ; 18.1.0 Build 625 09/12/2018 SJ Lite Edition ;
; Revision Name                   ; RelogioDigital                              ;
; Top-level Entity Name           ; RelogioDigital                              ;
; Family                          ; Cyclone V                                   ;
; Logic utilization (in ALMs)     ; N/A                                         ;
; Total registers                 ; 16                                          ;
; Total pins                      ; 44                                          ;
; Total virtual pins              ; 0                                           ;
; Total block memory bits         ; 0                                           ;
; Total DSP Blocks                ; 0                                           ;
; Total HSSI RX PCSs              ; 0                                           ;
; Total HSSI PMA RX Deserializers ; 0                                           ;
; Total HSSI TX PCSs              ; 0                                           ;
; Total HSSI PMA TX Serializers   ; 0                                           ;
; Total PLLs                      ; 0                                           ;
; Total DLLs                      ; 0                                           ;
+---------------------------------+---------------------------------------------+


+---------------------------------------------------------------------------------------------------------------------------+
; Analysis & Synthesis Settings                                                                                             ;
+---------------------------------------------------------------------------------+--------------------+--------------------+
; Option                                                                          ; Setting            ; Default Value      ;
+---------------------------------------------------------------------------------+--------------------+--------------------+
; Device                                                                          ; 5CGXFC7C7F23C8     ;                    ;
; Top-level entity name                                                           ; RelogioDigital     ; RelogioDigital     ;
; Family name                                                                     ; Cyclone V          ; Cyclone V          ;
; Use smart compilation                                                           ; Off                ; Off                ;
; Enable parallel Assembler and Timing Analyzer during compilation                ; On                 ; On                 ;
; Enable compact report table                                                     ; Off                ; Off                ;
; Restructure Multiplexers                                                        ; Auto               ; Auto               ;
; MLAB Add Timing Constraints For Mixed-Port Feed-Through Mode Setting Don't Care ; Off                ; Off                ;
; Create Debugging Nodes for IP Cores                                             ; Off                ; Off                ;
; Preserve fewer node names                                                       ; On                 ; On                 ;
; Intel FPGA IP Evaluation Mode                                                   ; Enable             ; Enable             ;
; Verilog Version                                                                 ; Verilog_2001       ; Verilog_2001       ;
; VHDL Version                                                                    ; VHDL_1993          ; VHDL_1993          ;
; State Machine Processing                                                        ; Auto               ; Auto               ;
; Safe State Machine                                                              ; Off                ; Off                ;
; Extract Verilog State Machines                                                  ; On                 ; On                 ;
; Extract VHDL State Machines                                                     ; On                 ; On                 ;
; Ignore Verilog initial constructs                                               ; Off                ; Off                ;
; Iteration limit for constant Verilog loops                                      ; 5000               ; 5000               ;
; Iteration limit for non-constant Verilog loops                                  ; 250                ; 250                ;
; Add Pass-Through Logic to Inferred RAMs                                         ; On                 ; On                 ;
; Infer RAMs from Raw Logic                                                       ; On                 ; On                 ;
; Parallel Synthesis                                                              ; On                 ; On                 ;
; DSP Block Balancing                                                             ; Auto               ; Auto               ;
; NOT Gate Push-Back                                                              ; On                 ; On                 ;
; Power-Up Don't Care                                                             ; On                 ; On                 ;
; Remove Redundant Logic Cells                                                    ; Off                ; Off                ;
; Remove Duplicate Registers                                                      ; On                 ; On                 ;
; Ignore CARRY Buffers                                                            ; Off                ; Off                ;
; Ignore CASCADE Buffers                                                          ; Off                ; Off                ;
; Ignore GLOBAL Buffers                                                           ; Off                ; Off                ;
; Ignore ROW GLOBAL Buffers                                                       ; Off                ; Off                ;
; Ignore LCELL Buffers                                                            ; Off                ; Off                ;
; Ignore SOFT Buffers                                                             ; On                 ; On                 ;
; Limit AHDL Integers to 32 Bits                                                  ; Off                ; Off                ;
; Optimization Technique                                                          ; Balanced           ; Balanced           ;
; Carry Chain Length                                                              ; 70                 ; 70                 ;
; Auto Carry Chains                                                               ; On                 ; On                 ;
; Auto Open-Drain Pins                                                            ; On                 ; On                 ;
; Perform WYSIWYG Primitive Resynthesis                                           ; Off                ; Off                ;
; Auto ROM Replacement                                                            ; On                 ; On                 ;
; Auto RAM Replacement                                                            ; On                 ; On                 ;
; Auto DSP Block Replacement                                                      ; On                 ; On                 ;
; Auto Shift Register Replacement                                                 ; Auto               ; Auto               ;
; Allow Shift Register Merging across Hierarchies                                 ; Auto               ; Auto               ;
; Auto Clock Enable Replacement                                                   ; On                 ; On                 ;
; Strict RAM Replacement                                                          ; Off                ; Off                ;
; Allow Synchronous Control Signals                                               ; On                 ; On                 ;
; Force Use of Synchronous Clear Signals                                          ; Off                ; Off                ;
; Auto Resource Sharing                                                           ; Off                ; Off                ;
; Allow Any RAM Size For Recognition                                              ; Off                ; Off                ;
; Allow Any ROM Size For Recognition                                              ; Off                ; Off                ;
; Allow Any Shift Register Size For Recognition                                   ; Off                ; Off                ;
; Use LogicLock Constraints during Resource Balancing                             ; On                 ; On                 ;
; Ignore translate_off and synthesis_off directives                               ; Off                ; Off                ;
; Timing-Driven Synthesis                                                         ; On                 ; On                 ;
; Report Parameter Settings                                                       ; On                 ; On                 ;
; Report Source Assignments                                                       ; On                 ; On                 ;
; Report Connectivity Checks                                                      ; On                 ; On                 ;
; Ignore Maximum Fan-Out Assignments                                              ; Off                ; Off                ;
; Synchronization Register Chain Length                                           ; 3                  ; 3                  ;
; Power Optimization During Synthesis                                             ; Normal compilation ; Normal compilation ;
; HDL message level                                                               ; Level2             ; Level2             ;
; Suppress Register Optimization Related Messages                                 ; Off                ; Off                ;
; Number of Removed Registers Reported in Synthesis Report                        ; 5000               ; 5000               ;
; Number of Swept Nodes Reported in Synthesis Report                              ; 5000               ; 5000               ;
; Number of Inverted Registers Reported in Synthesis Report                       ; 100                ; 100                ;
; Clock MUX Protection                                                            ; On                 ; On                 ;
; Auto Gated Clock Conversion                                                     ; Off                ; Off                ;
; Block Design Naming                                                             ; Auto               ; Auto               ;
; SDC constraint protection                                                       ; Off                ; Off                ;
; Synthesis Effort                                                                ; Auto               ; Auto               ;
; Shift Register Replacement - Allow Asynchronous Clear Signal                    ; On                 ; On                 ;
; Pre-Mapping Resynthesis Optimization                                            ; Off                ; Off                ;
; Analysis & Synthesis Message Level                                              ; Medium             ; Medium             ;
; Disable Register Merging Across Hierarchies                                     ; Auto               ; Auto               ;
; Resource Aware Inference For Block RAM                                          ; On                 ; On                 ;
; Automatic Parallel Synthesis                                                    ; On                 ; On                 ;
; Partial Reconfiguration Bitstream ID                                            ; Off                ; Off                ;
+---------------------------------------------------------------------------------+--------------------+--------------------+


+------------------------------------------+
; Parallel Compilation                     ;
+----------------------------+-------------+
; Processors                 ; Number      ;
+----------------------------+-------------+
; Number detected on machine ; 4           ;
; Maximum allowed            ; 4           ;
;                            ;             ;
; Average used               ; 1.00        ;
; Maximum used               ; 4           ;
;                            ;             ;
; Usage by Processor         ; % Time Used ;
;     Processor 1            ; 100.0%      ;
;     Processors 2-4         ;   0.0%      ;
+----------------------------+-------------+


+-------------------------------------------------------------------------------------------------------------------------------------------------------------+
; Analysis & Synthesis Source Files Read                                                                                                                      ;
+----------------------------------+-----------------+-----------------------+----------------------------------------------------------------------+---------+
; File Name with User-Entered Path ; Used in Netlist ; File Type             ; File Name with Absolute Path                                         ; Library ;
+----------------------------------+-----------------+-----------------------+----------------------------------------------------------------------+---------+
; counter_Wbits.vhd                ; yes             ; User VHDL File        ; /home/martinsspn/Documentos/Circuitos-Logicos/counter_Wbits.vhd      ;         ;
; RelogioDigital.vhd               ; yes             ; User VHDL File        ; /home/martinsspn/Documentos/Circuitos-Logicos/RelogioDigital.vhd     ;         ;
; controladorCounter.vhd           ; yes             ; User VHDL File        ; /home/martinsspn/Documentos/Circuitos-Logicos/controladorCounter.vhd ;         ;
; codTeclado.vhd                   ; yes             ; Auto-Found VHDL File  ; /home/martinsspn/Documentos/Circuitos-Logicos/codTeclado.vhd         ;         ;
; demux.vhd                        ; yes             ; Auto-Found VHDL File  ; /home/martinsspn/Documentos/Circuitos-Logicos/demux.vhd              ;         ;
; demux_1x4.vhd                    ; yes             ; Auto-Found VHDL File  ; /home/martinsspn/Documentos/Circuitos-Logicos/demux_1x4.vhd          ;         ;
; demux_4x8.vhd                    ; yes             ; Auto-Found VHDL File  ; /home/martinsspn/Documentos/Circuitos-Logicos/demux_4x8.vhd          ;         ;
; decod.vhd                        ; yes             ; Auto-Found VHDL File  ; /home/martinsspn/Documentos/Circuitos-Logicos/decod.vhd              ;         ;
+----------------------------------+-----------------+-----------------------+----------------------------------------------------------------------+---------+


+----------------------------------------------------------+
; Analysis & Synthesis Resource Usage Summary              ;
+---------------------------------------------+------------+
; Resource                                    ; Usage      ;
+---------------------------------------------+------------+
; Estimate of Logic utilization (ALMs needed) ; 37         ;
;                                             ;            ;
; Combinational ALUT usage for logic          ; 65         ;
;     -- 7 input functions                    ; 0          ;
;     -- 6 input functions                    ; 9          ;
;     -- 5 input functions                    ; 6          ;
;     -- 4 input functions                    ; 26         ;
;     -- <=3 input functions                  ; 24         ;
;                                             ;            ;
; Dedicated logic registers                   ; 16         ;
;                                             ;            ;
; I/O pins                                    ; 44         ;
;                                             ;            ;
; Total DSP Blocks                            ; 0          ;
;                                             ;            ;
; Maximum fan-out node                        ; load~input ;
; Maximum fan-out                             ; 21         ;
; Total fan-out                               ; 409        ;
; Average fan-out                             ; 2.42       ;
+---------------------------------------------+------------+


+---------------------------------------------------------------------------------------------------------------------------------------------------------------------------------------------------------------------+
; Analysis & Synthesis Resource Utilization by Entity                                                                                                                                                                 ;
+------------------------------+---------------------+---------------------------+-------------------+------------+------+--------------+-----------------------------------------+--------------------+--------------+
; Compilation Hierarchy Node   ; Combinational ALUTs ; Dedicated Logic Registers ; Block Memory Bits ; DSP Blocks ; Pins ; Virtual Pins ; Full Hierarchy Name                     ; Entity Name        ; Library Name ;
+------------------------------+---------------------+---------------------------+-------------------+------------+------+--------------+-----------------------------------------+--------------------+--------------+
; |RelogioDigital              ; 65 (0)              ; 16 (0)                    ; 0                 ; 0          ; 44   ; 0            ; |RelogioDigital                         ; RelogioDigital     ; work         ;
;    |codTeclado:ct|           ; 3 (3)               ; 0 (0)                     ; 0                 ; 0          ; 0    ; 0            ; |RelogioDigital|codTeclado:ct           ; codTeclado         ; work         ;
;    |controladorCounter:ctrl| ; 8 (8)               ; 0 (0)                     ; 0                 ; 0          ; 0    ; 0            ; |RelogioDigital|controladorCounter:ctrl ; controladorCounter ; work         ;
;    |counter_Wbits:c1|        ; 6 (6)               ; 4 (4)                     ; 0                 ; 0          ; 0    ; 0            ; |RelogioDigital|counter_Wbits:c1        ; counter_Wbits      ; work         ;
;    |counter_Wbits:c2|        ; 6 (6)               ; 4 (4)                     ; 0                 ; 0          ; 0    ; 0            ; |RelogioDigital|counter_Wbits:c2        ; counter_Wbits      ; work         ;
;    |counter_Wbits:c3|        ; 7 (7)               ; 4 (4)                     ; 0                 ; 0          ; 0    ; 0            ; |RelogioDigital|counter_Wbits:c3        ; counter_Wbits      ; work         ;
;    |counter_Wbits:c4|        ; 6 (6)               ; 4 (4)                     ; 0                 ; 0          ; 0    ; 0            ; |RelogioDigital|counter_Wbits:c4        ; counter_Wbits      ; work         ;
;    |decod:dc1|               ; 7 (7)               ; 0 (0)                     ; 0                 ; 0          ; 0    ; 0            ; |RelogioDigital|decod:dc1               ; decod              ; work         ;
;    |decod:dc2|               ; 8 (8)               ; 0 (0)                     ; 0                 ; 0          ; 0    ; 0            ; |RelogioDigital|decod:dc2               ; decod              ; work         ;
;    |decod:dc3|               ; 7 (7)               ; 0 (0)                     ; 0                 ; 0          ; 0    ; 0            ; |RelogioDigital|decod:dc3               ; decod              ; work         ;
;    |decod:dc4|               ; 7 (7)               ; 0 (0)                     ; 0                 ; 0          ; 0    ; 0            ; |RelogioDigital|decod:dc4               ; decod              ; work         ;
+------------------------------+---------------------+---------------------------+-------------------+------------+------+--------------+-----------------------------------------+--------------------+--------------+
Note: For table entries with two numbers listed, the numbers in parentheses indicate the number of resources of the given type used by the specific entity alone. The numbers listed outside of parentheses indicate the total resources of the given type used by the specific entity and all of its sub-entities in the hierarchy.


+------------------------------------------------------+
; General Register Statistics                          ;
+----------------------------------------------+-------+
; Statistic                                    ; Value ;
+----------------------------------------------+-------+
; Total registers                              ; 16    ;
; Number of registers using Synchronous Clear  ; 16    ;
; Number of registers using Synchronous Load   ; 0     ;
; Number of registers using Asynchronous Clear ; 16    ;
; Number of registers using Asynchronous Load  ; 0     ;
; Number of registers using Clock Enable       ; 16    ;
; Number of registers using Preset             ; 0     ;
+----------------------------------------------+-------+


+-----------------------------------------------------------------------------------------------------------------------------------------------------+
; Multiplexer Restructuring Statistics (Restructuring Performed)                                                                                      ;
+--------------------+-----------+---------------+----------------------+------------------------+------------+---------------------------------------+
; Multiplexer Inputs ; Bus Width ; Baseline Area ; Area if Restructured ; Saving if Restructured ; Registered ; Example Multiplexer Output            ;
+--------------------+-----------+---------------+----------------------+------------------------+------------+---------------------------------------+
; 3:1                ; 16 bits   ; 32 LEs        ; 16 LEs               ; 16 LEs                 ; Yes        ; |RelogioDigital|counter_Wbits:c3|q[3] ;
+--------------------+-----------+---------------+----------------------+------------------------+------------+---------------------------------------+


+----------------------------------------------------------------------------------------------------------------+
; Port Connectivity Checks: "demux_4x8:dm2_4"                                                                    ;
+------+--------+----------+-------------------------------------------------------------------------------------+
; Port ; Type   ; Severity ; Details                                                                             ;
+------+--------+----------+-------------------------------------------------------------------------------------+
; s2   ; Output ; Info     ; Connected to dangling logic. Logic that only feeds a dangling port will be removed. ;
+------+--------+----------+-------------------------------------------------------------------------------------+


+----------------------------------------------------------------------------------------------------------------+
; Port Connectivity Checks: "demux_4x8:dm2_3"                                                                    ;
+------+--------+----------+-------------------------------------------------------------------------------------+
; Port ; Type   ; Severity ; Details                                                                             ;
+------+--------+----------+-------------------------------------------------------------------------------------+
; s2   ; Output ; Info     ; Connected to dangling logic. Logic that only feeds a dangling port will be removed. ;
+------+--------+----------+-------------------------------------------------------------------------------------+


+----------------------------------------------------------------------------------------------------------------+
; Port Connectivity Checks: "demux_4x8:dm2_2"                                                                    ;
+------+--------+----------+-------------------------------------------------------------------------------------+
; Port ; Type   ; Severity ; Details                                                                             ;
+------+--------+----------+-------------------------------------------------------------------------------------+
; s2   ; Output ; Info     ; Connected to dangling logic. Logic that only feeds a dangling port will be removed. ;
+------+--------+----------+-------------------------------------------------------------------------------------+


+----------------------------------------------------------------------------------------------------------------+
; Port Connectivity Checks: "demux_4x8:dm2_1"                                                                    ;
+------+--------+----------+-------------------------------------------------------------------------------------+
; Port ; Type   ; Severity ; Details                                                                             ;
+------+--------+----------+-------------------------------------------------------------------------------------+
; s2   ; Output ; Info     ; Connected to dangling logic. Logic that only feeds a dangling port will be removed. ;
+------+--------+----------+-------------------------------------------------------------------------------------+


+-----------------------------------------------------+
; Post-Synthesis Netlist Statistics for Top Partition ;
+-----------------------+-----------------------------+
; Type                  ; Count                       ;
+-----------------------+-----------------------------+
; arriav_ff             ; 16                          ;
;     ENA CLR SCLR      ; 16                          ;
; arriav_lcell_comb     ; 66                          ;
;     normal            ; 66                          ;
;         1 data inputs ; 1                           ;
;         2 data inputs ; 3                           ;
;         3 data inputs ; 21                          ;
;         4 data inputs ; 26                          ;
;         5 data inputs ; 6                           ;
;         6 data inputs ; 9                           ;
; boundary_port         ; 44                          ;
;                       ;                             ;
; Max LUT depth         ; 2.00                        ;
; Average LUT depth     ; 1.66                        ;
+-----------------------+-----------------------------+


+-------------------------------+
; Elapsed Time Per Partition    ;
+----------------+--------------+
; Partition Name ; Elapsed Time ;
+----------------+--------------+
; Top            ; 00:00:01     ;
+----------------+--------------+


+-------------------------------+
; Analysis & Synthesis Messages ;
+-------------------------------+
Info: *******************************************************************
Info: Running Quartus Prime Analysis & Synthesis
    Info: Version 18.1.0 Build 625 09/12/2018 SJ Lite Edition
    Info: Processing started: Thu Oct 24 04:49:04 2019
Info: Command: quartus_map --read_settings_files=on --write_settings_files=off RelogioDigital -c RelogioDigital
Warning (18236): Number of processors has not been specified which may cause overloading on shared machines.  Set the global assignment NUM_PARALLEL_PROCESSORS in your QSF to an appropriate value for best performance.
Info (20030): Parallel compilation is enabled and will use 4 of the 4 processors detected
Warning (12019): Can't analyze file -- file Vhdl1.vhd is missing
Info (12021): Found 2 design units, including 1 entities, in source file counter_Wbits.vhd
    Info (12022): Found design unit 1: counter_Wbits-arch_1 File: /home/martinsspn/Documentos/Circuitos-Logicos/counter_Wbits.vhd Line: 12
    Info (12023): Found entity 1: counter_Wbits File: /home/martinsspn/Documentos/Circuitos-Logicos/counter_Wbits.vhd Line: 4
Info (12021): Found 2 design units, including 1 entities, in source file RelogioDigital.vhd
    Info (12022): Found design unit 1: RelogioDigital-structural File: /home/martinsspn/Documentos/Circuitos-Logicos/RelogioDigital.vhd Line: 14
    Info (12023): Found entity 1: RelogioDigital File: /home/martinsspn/Documentos/Circuitos-Logicos/RelogioDigital.vhd Line: 5
Info (12021): Found 2 design units, including 1 entities, in source file controladorCounter.vhd
    Info (12022): Found design unit 1: controladorCounter-behavior File: /home/martinsspn/Documentos/Circuitos-Logicos/controladorCounter.vhd Line: 8
    Info (12023): Found entity 1: controladorCounter File: /home/martinsspn/Documentos/Circuitos-Logicos/controladorCounter.vhd Line: 4
Info (12127): Elaborating entity "RelogioDigital" for the top level hierarchy
Warning (10036): Verilog HDL or VHDL warning at RelogioDigital.vhd(52): object "G" assigned a value but never read File: /home/martinsspn/Documentos/Circuitos-Logicos/RelogioDigital.vhd Line: 52
Warning (10036): Verilog HDL or VHDL warning at RelogioDigital.vhd(52): object "I" assigned a value but never read File: /home/martinsspn/Documentos/Circuitos-Logicos/RelogioDigital.vhd Line: 52
Warning (10036): Verilog HDL or VHDL warning at RelogioDigital.vhd(52): object "K" assigned a value but never read File: /home/martinsspn/Documentos/Circuitos-Logicos/RelogioDigital.vhd Line: 52
Warning (10036): Verilog HDL or VHDL warning at RelogioDigital.vhd(52): object "M" assigned a value but never read File: /home/martinsspn/Documentos/Circuitos-Logicos/RelogioDigital.vhd Line: 52
Warning (12125): Using design file codTeclado.vhd, which is not specified as a design file for the current project, but contains definitions for 2 design units and 1 entities in project
    Info (12022): Found design unit 1: codTeclado-structural File: /home/martinsspn/Documentos/Circuitos-Logicos/codTeclado.vhd Line: 5
    Info (12023): Found entity 1: codTeclado File: /home/martinsspn/Documentos/Circuitos-Logicos/codTeclado.vhd Line: 1
Info (12128): Elaborating entity "codTeclado" for hierarchy "codTeclado:ct" File: /home/martinsspn/Documentos/Circuitos-Logicos/RelogioDigital.vhd Line: 55
Warning (12125): Using design file demux.vhd, which is not specified as a design file for the current project, but contains definitions for 2 design units and 1 entities in project
    Info (12022): Found design unit 1: demux-structural File: /home/martinsspn/Documentos/Circuitos-Logicos/demux.vhd Line: 6
    Info (12023): Found entity 1: demux File: /home/martinsspn/Documentos/Circuitos-Logicos/demux.vhd Line: 1
Info (12128): Elaborating entity "demux" for hierarchy "demux:dm" File: /home/martinsspn/Documentos/Circuitos-Logicos/RelogioDigital.vhd Line: 56
Warning (12125): Using design file demux_1x4.vhd, which is not specified as a design file for the current project, but contains definitions for 2 design units and 1 entities in project
    Info (12022): Found design unit 1: demux_1x4-structural File: /home/martinsspn/Documentos/Circuitos-Logicos/demux_1x4.vhd Line: 6
    Info (12023): Found entity 1: demux_1x4 File: /home/martinsspn/Documentos/Circuitos-Logicos/demux_1x4.vhd Line: 1
Info (12128): Elaborating entity "demux_1x4" for hierarchy "demux:dm|demux_1x4:d1" File: /home/martinsspn/Documentos/Circuitos-Logicos/demux.vhd Line: 18
Warning (12125): Using design file demux_4x8.vhd, which is not specified as a design file for the current project, but contains definitions for 2 design units and 1 entities in project
    Info (12022): Found design unit 1: demux_4x8-behavior File: /home/martinsspn/Documentos/Circuitos-Logicos/demux_4x8.vhd Line: 6
    Info (12023): Found entity 1: demux_4x8 File: /home/martinsspn/Documentos/Circuitos-Logicos/demux_4x8.vhd Line: 1
Info (12128): Elaborating entity "demux_4x8" for hierarchy "demux_4x8:dm2_1" File: /home/martinsspn/Documentos/Circuitos-Logicos/RelogioDigital.vhd Line: 57
Warning (10492): VHDL Process Statement warning at demux_4x8.vhd(11): signal "E" is read inside the Process Statement but isn't in the Process Statement's sensitivity list File: /home/martinsspn/Documentos/Circuitos-Logicos/demux_4x8.vhd Line: 11
Warning (10492): VHDL Process Statement warning at demux_4x8.vhd(15): signal "E" is read inside the Process Statement but isn't in the Process Statement's sensitivity list File: /home/martinsspn/Documentos/Circuitos-Logicos/demux_4x8.vhd Line: 15
Info (12128): Elaborating entity "counter_Wbits" for hierarchy "counter_Wbits:c1" File: /home/martinsspn/Documentos/Circuitos-Logicos/RelogioDigital.vhd Line: 62
Info (12128): Elaborating entity "controladorCounter" for hierarchy "controladorCounter:ctrl" File: /home/martinsspn/Documentos/Circuitos-Logicos/RelogioDigital.vhd Line: 67
Warning (12125): Using design file decod.vhd, which is not specified as a design file for the current project, but contains definitions for 2 design units and 1 entities in project
    Info (12022): Found design unit 1: decod-structural File: /home/martinsspn/Documentos/Circuitos-Logicos/decod.vhd Line: 5
    Info (12023): Found entity 1: decod File: /home/martinsspn/Documentos/Circuitos-Logicos/decod.vhd Line: 1
Info (12128): Elaborating entity "decod" for hierarchy "decod:dc1" File: /home/martinsspn/Documentos/Circuitos-Logicos/RelogioDigital.vhd Line: 70
Info (286030): Timing-Driven Synthesis is running
Info (16010): Generating hard_block partition "hard_block:auto_generated_inst"
    Info (16011): Adding 0 node(s), including 0 DDIO, 0 PLL, 0 transceiver and 0 LCELL
Warning (21074): Design contains 1 input pin(s) that do not drive logic
    Warning (15610): No output dependent on input pin "teclas[0]" File: /home/martinsspn/Documentos/Circuitos-Logicos/RelogioDigital.vhd Line: 6
Info (21057): Implemented 109 device resources after synthesis - the final resource count might be different
    Info (21058): Implemented 16 input pins
    Info (21059): Implemented 28 output pins
    Info (21061): Implemented 65 logic cells
Info: Quartus Prime Analysis & Synthesis was successful. 0 errors, 15 warnings
    Info: Peak virtual memory: 1069 megabytes
    Info: Processing ended: Thu Oct 24 04:49:18 2019
    Info: Elapsed time: 00:00:14
    Info: Total CPU time (on all processors): 00:00:26


